<?xml version="1.0" encoding="UTF-8"?>
<testsuite xmlns:xsi="http://www.w3.org/2001/XMLSchema-instance" xsi:noNamespaceSchemaLocation="https://maven.apache.org/surefire/maven-surefire-plugin/xsd/surefire-test-report-3.0.xsd" version="3.0" name="com.example.igmtest.IgmtestApplicationTests" time="4.072" tests="1" errors="0" skipped="0" failures="0">
  <properties>
[...]
</properties>
  <testcase name="contextLoads" classname="com.example.igmtest.IgmtestApplicationTests" time="1.265">
    <system-out><![CDATA[20:50:13.388 [main] INFO org.springframework.test.context.support.AnnotationConfigContextLoaderUtils -- Could not detect default configuration classes for test class [com.example.igmtest.IgmtestApplicationTests]: IgmtestApplicationTests does not declare any static, non-private, non-final, nested classes annotated with @Configuration.
20:50:13.518 [main] INFO org.springframework.boot.test.context.SpringBootTestContextBootstrapper -- Found @SpringBootConfiguration com.example.igmtest.IgmtestApplication for test class com.example.igmtest.IgmtestApplicationTests

  .   ____          _            __ _ _
 /\\ / ___'_ __ _ _(_)_ __  __ _ \ \ \ \
( ( )\___ | '_ | '_| | '_ \/ _` | \ \ \ \
 \\/  ___)| |_)| | | | | || (_| |  ) ) ) )
  '  |____| .__|_| |_|_| |_\__, | / / / /
 =========|_|==============|___/=/_/_/_/
 :: Spring Boot ::                (v3.1.3)

2023-09-18T20:50:14.039-05:00  INFO 5004 --- [           main] c.e.igmtest.IgmtestApplicationTests      : Starting IgmtestApplicationTests using Java 17.0.2 with PID 5004 (started by jacr1 in C:\Users\jacr1\Documents\NetBeansProjects\IGMTest)
2023-09-18T20:50:14.040-05:00  INFO 5004 --- [           main] c.e.igmtest.IgmtestApplicationTests      : No active profile set, falling back to 1 default profile: "default"
2023-09-18T20:50:15.920-05:00  INFO 5004 --- [           main] c.e.igmtest.IgmtestApplicationTests      : Started IgmtestApplicationTests in 2.187 seconds (process running for 3.484)
]]></system-out>
  </testcase>
</testsuite>